* using log directory ‘/Users/loesjeubbink/Desktop/MSBBSS uu/Jaar 2/Semester 1/Markup Languages/portfolio/00_exercises/06_dissemination/roundR.Rcheck’
* using R version 4.4.2 (2024-10-31)
* using platform: aarch64-apple-darwin20
* R was compiled by
    Apple clang version 14.0.0 (clang-1400.0.29.202)
    GNU Fortran (GCC) 12.2.0
* running under: macOS Sequoia 15.6.1
* using session charset: UTF-8
* using options ‘--no-manual --as-cran’
* checking for file ‘roundR/DESCRIPTION’ ... OK
* checking extension type ... Package
* this is package ‘roundR’ version ‘0.1.0’
* package encoding: UTF-8
* checking package namespace information ... OK
* checking package dependencies ... OK
* checking if this is a source package ... OK
* checking if there is a namespace ... OK
* checking for executable files ... OK
* checking for hidden files and directories ... OK
* checking for portable file names ... OK
* checking for sufficient/correct file permissions ... OK
* checking serialization versions ... OK
* checking whether package ‘roundR’ can be installed ... OK
* checking installed package size ... OK
* checking package directory ... OK
* checking for future file timestamps ... OK
* checking DESCRIPTION meta-information ... OK
* checking top-level files ... OK
* checking for left-over files ... OK
* checking index information ... OK
* checking package subdirectories ... OK
* checking code files for non-ASCII characters ... OK
* checking R files for syntax errors ... OK
* checking whether the package can be loaded ... OK
* checking whether the package can be loaded with stated dependencies ... OK
* checking whether the package can be unloaded cleanly ... OK
* checking whether the namespace can be loaded with stated dependencies ... OK
* checking whether the namespace can be unloaded cleanly ... OK
* checking dependencies in R code ... NOTE
Namespace in Imports field not imported from: ‘tidyverse’
  All declared Imports should be used.
* checking S3 generic/method consistency ... OK
* checking replacement functions ... OK
* checking foreign function calls ... OK
* checking R code for possible problems ... OK
* checking Rd files ... OK
* checking Rd metadata ... OK
* checking Rd line widths ... OK
* checking Rd cross-references ... WARNING
Missing link or links in Rd file 'rounder.Rd':
  ‘base::round’

See section 'Cross-references' in the 'Writing R Extensions' manual.
* checking for missing documentation entries ... OK
* checking for code/documentation mismatches ... OK
* checking Rd \usage sections ... OK
* checking Rd contents ... OK
* checking for unstated dependencies in examples ... OK
* checking examples ... ERROR
Running examples in ‘roundR-Ex.R’ failed
The error most likely occurred in:

> base::assign(".ptime", proc.time(), pos = "CheckExEnv")
> ### Name: rounder
> ### Title: Round to the nearest integer
> ### Aliases: rounder
> 
> ### ** Examples
> 
> # rounds weirdly
> c(0.5, 1.5, 2.5, 3.5) %>% round()
Error in c(0.5, 1.5, 2.5, 3.5) %>% round() : 
  could not find function "%>%"
Execution halted
* checking for non-standard things in the check directory ... OK
* checking for detritus in the temp directory ... OK
* DONE
Status: 1 ERROR, 1 WARNING, 1 NOTE
